2024-05-26T19:03:20.865-05:00  INFO [main] l.C.ConferenceSessionTrackApiApplication  : Starting ConferenceSessionTrackApiApplication using Java 17.0.5 with PID 25500 (D:\LOGIC\ConferenceSessionTrackAPI\target\classes started by Usuario in D:\LOGIC\ConferenceSessionTrackAPI)
2024-05-26T19:03:20.868-05:00  INFO [main] l.C.ConferenceSessionTrackApiApplication  : No active profile set, falling back to 1 default profile: "default"
2024-05-26T19:03:22.041-05:00  INFO [main] o.s.b.w.embedded.tomcat.TomcatWebServer   : Tomcat initialized with port 8080 (http)
2024-05-26T19:03:22.051-05:00  INFO [main] o.apache.catalina.core.StandardService    : Starting service [Tomcat]
2024-05-26T19:03:22.051-05:00  INFO [main] o.apache.catalina.core.StandardEngine     : Starting Servlet engine: [Apache Tomcat/10.1.20]
2024-05-26T19:03:22.122-05:00  INFO [main] o.a.c.c.C.[Tomcat].[localhost].[/]        : Initializing Spring embedded WebApplicationContext
2024-05-26T19:03:22.122-05:00  INFO [main] w.s.c.ServletWebServerApplicationContext  : Root WebApplicationContext: initialization completed in 1201 ms
2024-05-26T19:03:22.787-05:00  INFO [main] o.s.b.a.e.web.EndpointLinksResolver       : Exposing 1 endpoint(s) beneath base path '/actuator'
2024-05-26T19:03:22.841-05:00  INFO [main] o.s.b.w.embedded.tomcat.TomcatWebServer   : Tomcat started on port 8080 (http) with context path ''
2024-05-26T19:03:22.855-05:00  INFO [main] l.C.ConferenceSessionTrackApiApplication  : Started ConferenceSessionTrackApiApplication in 2.466 seconds (process running for 3.093)
2024-05-26T19:03:23.055-05:00  INFO [RMI TCP Connection(2)-172.27.144.1] o.a.c.c.C.[Tomcat].[localhost].[/]        : Initializing Spring DispatcherServlet 'dispatcherServlet'
2024-05-26T19:03:23.056-05:00  INFO [RMI TCP Connection(2)-172.27.144.1] o.s.web.servlet.DispatcherServlet         : Initializing Servlet 'dispatcherServlet'
2024-05-26T19:03:23.057-05:00  INFO [RMI TCP Connection(2)-172.27.144.1] o.s.web.servlet.DispatcherServlet         : Completed initialization in 1 ms
2024-05-26T19:03:50.731-05:00  INFO [main] l.C.ConferenceSessionTrackApiApplication  : Starting ConferenceSessionTrackApiApplication using Java 17.0.5 with PID 10724 (D:\LOGIC\ConferenceSessionTrackAPI\target\classes started by Usuario in D:\LOGIC\ConferenceSessionTrackAPI)
2024-05-26T19:03:50.734-05:00  INFO [main] l.C.ConferenceSessionTrackApiApplication  : No active profile set, falling back to 1 default profile: "default"
2024-05-26T19:03:51.759-05:00  INFO [main] o.s.b.w.embedded.tomcat.TomcatWebServer   : Tomcat initialized with port 8080 (http)
2024-05-26T19:03:51.768-05:00  INFO [main] o.apache.catalina.core.StandardService    : Starting service [Tomcat]
2024-05-26T19:03:51.768-05:00  INFO [main] o.apache.catalina.core.StandardEngine     : Starting Servlet engine: [Apache Tomcat/10.1.20]
2024-05-26T19:03:51.836-05:00  INFO [main] o.a.c.c.C.[Tomcat].[localhost].[/]        : Initializing Spring embedded WebApplicationContext
2024-05-26T19:03:51.836-05:00  INFO [main] w.s.c.ServletWebServerApplicationContext  : Root WebApplicationContext: initialization completed in 1053 ms
2024-05-26T19:03:52.502-05:00  INFO [main] o.s.b.a.e.web.EndpointLinksResolver       : Exposing 1 endpoint(s) beneath base path '/actuator'
2024-05-26T19:03:52.547-05:00  INFO [main] o.s.b.w.embedded.tomcat.TomcatWebServer   : Tomcat started on port 8080 (http) with context path ''
2024-05-26T19:03:52.563-05:00  INFO [main] l.C.ConferenceSessionTrackApiApplication  : Started ConferenceSessionTrackApiApplication in 2.292 seconds (process running for 2.861)
2024-05-26T19:03:52.968-05:00  INFO [RMI TCP Connection(2)-172.27.144.1] o.a.c.c.C.[Tomcat].[localhost].[/]        : Initializing Spring DispatcherServlet 'dispatcherServlet'
2024-05-26T19:03:52.968-05:00  INFO [RMI TCP Connection(2)-172.27.144.1] o.s.web.servlet.DispatcherServlet         : Initializing Servlet 'dispatcherServlet'
2024-05-26T19:03:52.969-05:00  INFO [RMI TCP Connection(2)-172.27.144.1] o.s.web.servlet.DispatcherServlet         : Completed initialization in 1 ms
2024-05-26T22:19:01.974-05:00  INFO [main] l.C.ConferenceSessionTrackApiApplication  : Starting ConferenceSessionTrackApiApplication using Java 17.0.5 with PID 21380 (D:\LOGIC\ConferenceSessionTrackAPI\target\classes started by Usuario in D:\LOGIC\ConferenceSessionTrackAPI)
2024-05-26T22:19:01.995-05:00  INFO [main] l.C.ConferenceSessionTrackApiApplication  : No active profile set, falling back to 1 default profile: "default"
2024-05-26T22:19:03.022-05:00  INFO [main] o.s.b.w.embedded.tomcat.TomcatWebServer   : Tomcat initialized with port 8080 (http)
2024-05-26T22:19:03.032-05:00  INFO [main] o.apache.catalina.core.StandardService    : Starting service [Tomcat]
2024-05-26T22:19:03.033-05:00  INFO [main] o.apache.catalina.core.StandardEngine     : Starting Servlet engine: [Apache Tomcat/10.1.20]
2024-05-26T22:19:03.111-05:00  INFO [main] o.a.c.c.C.[Tomcat].[localhost].[/]        : Initializing Spring embedded WebApplicationContext
2024-05-26T22:19:03.113-05:00  INFO [main] w.s.c.ServletWebServerApplicationContext  : Root WebApplicationContext: initialization completed in 1066 ms
2024-05-26T22:19:03.895-05:00  INFO [main] o.s.b.w.embedded.tomcat.TomcatWebServer   : Tomcat started on port 8080 (http) with context path ''
2024-05-26T22:19:03.903-05:00  INFO [main] l.C.ConferenceSessionTrackApiApplication  : Started ConferenceSessionTrackApiApplication in 2.539 seconds (process running for 3.359)
2024-05-26T22:19:10.354-05:00  INFO [http-nio-8080-exec-1] o.a.c.c.C.[Tomcat].[localhost].[/]        : Initializing Spring DispatcherServlet 'dispatcherServlet'
2024-05-26T22:19:10.355-05:00  INFO [http-nio-8080-exec-1] o.s.web.servlet.DispatcherServlet         : Initializing Servlet 'dispatcherServlet'
2024-05-26T22:19:10.356-05:00  INFO [http-nio-8080-exec-1] o.s.web.servlet.DispatcherServlet         : Completed initialization in 1 ms
2024-05-26T22:22:47.226-05:00  INFO [main] l.C.ConferenceSessionTrackApiApplication  : Starting ConferenceSessionTrackApiApplication using Java 17.0.5 with PID 340 (D:\LOGIC\ConferenceSessionTrackAPI\target\classes started by Usuario in D:\LOGIC\ConferenceSessionTrackAPI)
2024-05-26T22:22:47.228-05:00  INFO [main] l.C.ConferenceSessionTrackApiApplication  : No active profile set, falling back to 1 default profile: "default"
2024-05-26T22:22:48.104-05:00  INFO [main] o.s.b.w.embedded.tomcat.TomcatWebServer   : Tomcat initialized with port 8080 (http)
2024-05-26T22:22:48.112-05:00  INFO [main] o.apache.catalina.core.StandardService    : Starting service [Tomcat]
2024-05-26T22:22:48.113-05:00  INFO [main] o.apache.catalina.core.StandardEngine     : Starting Servlet engine: [Apache Tomcat/10.1.20]
2024-05-26T22:22:48.182-05:00  INFO [main] o.a.c.c.C.[Tomcat].[localhost].[/]        : Initializing Spring embedded WebApplicationContext
2024-05-26T22:22:48.183-05:00  INFO [main] w.s.c.ServletWebServerApplicationContext  : Root WebApplicationContext: initialization completed in 907 ms
2024-05-26T22:22:48.802-05:00  INFO [main] o.s.b.w.embedded.tomcat.TomcatWebServer   : Tomcat started on port 8080 (http) with context path ''
2024-05-26T22:22:48.810-05:00  INFO [main] l.C.ConferenceSessionTrackApiApplication  : Started ConferenceSessionTrackApiApplication in 2.048 seconds (process running for 2.621)
2024-05-26T22:23:06.903-05:00  INFO [http-nio-8080-exec-1] o.a.c.c.C.[Tomcat].[localhost].[/]        : Initializing Spring DispatcherServlet 'dispatcherServlet'
2024-05-26T22:23:06.904-05:00  INFO [http-nio-8080-exec-1] o.s.web.servlet.DispatcherServlet         : Initializing Servlet 'dispatcherServlet'
2024-05-26T22:23:06.904-05:00  INFO [http-nio-8080-exec-1] o.s.web.servlet.DispatcherServlet         : Completed initialization in 0 ms
2024-05-26T22:24:17.588-05:00  INFO [main] l.C.ConferenceSessionTrackApiApplication  : Starting ConferenceSessionTrackApiApplication using Java 17.0.5 with PID 6520 (D:\LOGIC\ConferenceSessionTrackAPI\target\classes started by Usuario in D:\LOGIC\ConferenceSessionTrackAPI)
2024-05-26T22:24:17.590-05:00  INFO [main] l.C.ConferenceSessionTrackApiApplication  : No active profile set, falling back to 1 default profile: "default"
2024-05-26T22:24:18.673-05:00  INFO [main] o.s.b.w.embedded.tomcat.TomcatWebServer   : Tomcat initialized with port 8080 (http)
2024-05-26T22:24:18.682-05:00  INFO [main] o.apache.catalina.core.StandardService    : Starting service [Tomcat]
2024-05-26T22:24:18.682-05:00  INFO [main] o.apache.catalina.core.StandardEngine     : Starting Servlet engine: [Apache Tomcat/10.1.20]
2024-05-26T22:24:18.743-05:00  INFO [main] o.a.c.c.C.[Tomcat].[localhost].[/]        : Initializing Spring embedded WebApplicationContext
2024-05-26T22:24:18.745-05:00  INFO [main] w.s.c.ServletWebServerApplicationContext  : Root WebApplicationContext: initialization completed in 1112 ms
2024-05-26T22:24:19.553-05:00  INFO [main] o.s.b.a.e.web.EndpointLinksResolver       : Exposing 1 endpoint(s) beneath base path '/actuator'
2024-05-26T22:24:19.605-05:00  INFO [main] o.s.b.w.embedded.tomcat.TomcatWebServer   : Tomcat started on port 8080 (http) with context path ''
2024-05-26T22:24:19.619-05:00  INFO [main] l.C.ConferenceSessionTrackApiApplication  : Started ConferenceSessionTrackApiApplication in 2.62 seconds (process running for 3.205)
2024-05-26T22:24:20.208-05:00  INFO [RMI TCP Connection(2)-172.27.144.1] o.a.c.c.C.[Tomcat].[localhost].[/]        : Initializing Spring DispatcherServlet 'dispatcherServlet'
2024-05-26T22:24:20.208-05:00  INFO [RMI TCP Connection(2)-172.27.144.1] o.s.web.servlet.DispatcherServlet         : Initializing Servlet 'dispatcherServlet'
2024-05-26T22:24:20.209-05:00  INFO [RMI TCP Connection(2)-172.27.144.1] o.s.web.servlet.DispatcherServlet         : Completed initialization in 1 ms
2024-05-26T22:25:30.713-05:00  INFO [main] l.C.ConferenceSessionTrackApiApplication  : Starting ConferenceSessionTrackApiApplication using Java 17.0.5 with PID 28736 (D:\LOGIC\ConferenceSessionTrackAPI\target\classes started by Usuario in D:\LOGIC\ConferenceSessionTrackAPI)
2024-05-26T22:25:30.715-05:00  INFO [main] l.C.ConferenceSessionTrackApiApplication  : No active profile set, falling back to 1 default profile: "default"
2024-05-26T22:25:31.768-05:00  INFO [main] o.s.b.w.embedded.tomcat.TomcatWebServer   : Tomcat initialized with port 8080 (http)
2024-05-26T22:25:31.776-05:00  INFO [main] o.apache.catalina.core.StandardService    : Starting service [Tomcat]
2024-05-26T22:25:31.776-05:00  INFO [main] o.apache.catalina.core.StandardEngine     : Starting Servlet engine: [Apache Tomcat/10.1.20]
2024-05-26T22:25:31.835-05:00  INFO [main] o.a.c.c.C.[Tomcat].[localhost].[/]        : Initializing Spring embedded WebApplicationContext
2024-05-26T22:25:31.835-05:00  INFO [main] w.s.c.ServletWebServerApplicationContext  : Root WebApplicationContext: initialization completed in 1072 ms
2024-05-26T22:25:32.613-05:00  INFO [main] o.s.b.a.e.web.EndpointLinksResolver       : Exposing 1 endpoint(s) beneath base path '/actuator'
2024-05-26T22:25:32.663-05:00  INFO [main] o.s.b.w.embedded.tomcat.TomcatWebServer   : Tomcat started on port 8080 (http) with context path ''
2024-05-26T22:25:32.676-05:00  INFO [main] l.C.ConferenceSessionTrackApiApplication  : Started ConferenceSessionTrackApiApplication in 2.435 seconds (process running for 3.031)
2024-05-26T22:25:32.930-05:00  INFO [RMI TCP Connection(2)-172.27.144.1] o.a.c.c.C.[Tomcat].[localhost].[/]        : Initializing Spring DispatcherServlet 'dispatcherServlet'
2024-05-26T22:25:32.931-05:00  INFO [RMI TCP Connection(2)-172.27.144.1] o.s.web.servlet.DispatcherServlet         : Initializing Servlet 'dispatcherServlet'
2024-05-26T22:25:32.932-05:00  INFO [RMI TCP Connection(2)-172.27.144.1] o.s.web.servlet.DispatcherServlet         : Completed initialization in 1 ms
